0 info it worked if it ends with ok
1 verbose cli [ '/usr/local/bin/node',
1 verbose cli   '/usr/local/bin/npm',
1 verbose cli   'publish',
1 verbose cli   'pg-ng-range' ]
2 info using npm@2.5.1
3 info using node@v0.12.1
4 verbose publish [ 'pg-ng-range' ]
5 silly cache add args [ 'pg-ng-range', null ]
6 verbose cache add spec pg-ng-range
7 silly cache add parsed spec { raw: 'pg-ng-range',
7 silly cache add   scope: null,
7 silly cache add   name: 'pg-ng-range',
7 silly cache add   rawSpec: '',
7 silly cache add   spec: '*',
7 silly cache add   type: 'range' }
8 verbose addNamed pg-ng-range@*
9 silly addNamed semver.valid null
10 silly addNamed semver.validRange *
11 silly addNameRange { name: 'pg-ng-range', range: '*', hasData: false }
12 silly mapToRegistry name pg-ng-range
13 silly mapToRegistry using default registry
14 silly mapToRegistry registry https://registry.npmjs.org/
15 silly mapToRegistry uri https://registry.npmjs.org/pg-ng-range
16 verbose addNameRange registry:https://registry.npmjs.org/pg-ng-range not in flight; fetching
17 verbose request uri https://registry.npmjs.org/pg-ng-range
18 verbose request no auth needed
19 info attempt registry request try #1 at 4:15:49 PM
20 verbose request using bearer token for auth
21 verbose request id 3cc5c548e8c14aa7
22 http request GET https://registry.npmjs.org/pg-ng-range
23 http 404 https://registry.npmjs.org/pg-ng-range
24 verbose headers { server: 'CouchDB/1.5.0 (Erlang OTP/R16B03)',
24 verbose headers   'content-type': 'application/json',
24 verbose headers   'cache-control': 'max-age=0',
24 verbose headers   'content-length': '51',
24 verbose headers   'accept-ranges': 'bytes',
24 verbose headers   date: 'Sun, 07 Jun 2015 19:15:50 GMT',
24 verbose headers   via: '1.1 varnish',
24 verbose headers   connection: 'keep-alive',
24 verbose headers   'x-served-by': 'cache-jfk1028-JFK',
24 verbose headers   'x-cache': 'MISS',
24 verbose headers   'x-cache-hits': '0',
24 verbose headers   'x-timer': 'S1433704550.245305,VS0,VE84' }
25 silly get cb [ 404,
25 silly get   { server: 'CouchDB/1.5.0 (Erlang OTP/R16B03)',
25 silly get     'content-type': 'application/json',
25 silly get     'cache-control': 'max-age=0',
25 silly get     'content-length': '51',
25 silly get     'accept-ranges': 'bytes',
25 silly get     date: 'Sun, 07 Jun 2015 19:15:50 GMT',
25 silly get     via: '1.1 varnish',
25 silly get     connection: 'keep-alive',
25 silly get     'x-served-by': 'cache-jfk1028-JFK',
25 silly get     'x-cache': 'MISS',
25 silly get     'x-cache-hits': '0',
25 silly get     'x-timer': 'S1433704550.245305,VS0,VE84' } ]
26 verbose stack Error: 404 Not Found: pg-ng-range
26 verbose stack     at CachingRegistryClient.<anonymous> (/usr/local/lib/node_modules/npm/node_modules/npm-registry-client/lib/request.js:251:14)
26 verbose stack     at Request._callback (/usr/local/lib/node_modules/npm/node_modules/npm-registry-client/lib/request.js:178:14)
26 verbose stack     at Request.self.callback (/usr/local/lib/node_modules/npm/node_modules/request/request.js:344:22)
26 verbose stack     at Request.emit (events.js:110:17)
26 verbose stack     at Request.<anonymous> (/usr/local/lib/node_modules/npm/node_modules/request/request.js:1239:14)
26 verbose stack     at Request.emit (events.js:129:20)
26 verbose stack     at IncomingMessage.<anonymous> (/usr/local/lib/node_modules/npm/node_modules/request/request.js:1187:12)
26 verbose stack     at IncomingMessage.emit (events.js:129:20)
26 verbose stack     at _stream_readable.js:908:16
26 verbose stack     at process._tickCallback (node.js:355:11)
27 verbose statusCode 404
28 verbose pkgid pg-ng-range
29 verbose cwd /Users/rfviolato/Code/pg-ng-range
30 error Darwin 14.3.0
31 error argv "/usr/local/bin/node" "/usr/local/bin/npm" "publish" "pg-ng-range"
32 error node v0.12.1
33 error npm  v2.5.1
34 error code E404
35 error 404 Not Found: pg-ng-range
35 error 404
35 error 404 'pg-ng-range' is not in the npm registry.
35 error 404 You should bug the author to publish it (or use the name yourself!)
35 error 404
35 error 404 Note that you can also install from a
35 error 404 tarball, folder, http url, or git url.
36 verbose exit [ 1, true ]
